This file contains any messages produced by compilers while
running configure, to aid debugging if configure makes a mistake.

It was created by ipush configure 0.0.1, which was
generated by GNU Autoconf 2.59.  Invocation command line was

  $ ./configure --no-create --no-recursion

## --------- ##
## Platform. ##
## --------- ##

hostname = yunall
uname -m = x86_64
uname -r = 2.6.18-238.el5
uname -s = Linux
uname -v = #1 SMP Thu Jan 13 15:51:15 EST 2011

/usr/bin/uname -p = unknown
/bin/uname -X     = unknown

/bin/arch              = x86_64
/usr/bin/arch -k       = unknown
/usr/convex/getsysinfo = unknown
hostinfo               = unknown
/bin/machine           = unknown
/usr/bin/oslevel       = unknown
/bin/universe          = unknown

PATH: /usr/kerberos/sbin
PATH: /usr/kerberos/bin
PATH: /usr/local/sbin
PATH: /usr/local/bin
PATH: /sbin
PATH: /bin
PATH: /usr/sbin
PATH: /usr/bin
PATH: /root/bin


## ----------- ##
## Core tests. ##
## ----------- ##

configure:1355: checking for a BSD-compatible install
configure:1410: result: /usr/bin/install -c
configure:1421: checking whether build environment is sane
configure:1464: result: yes
configure:1529: checking for gawk
configure:1545: found /bin/gawk
configure:1555: result: gawk
configure:1565: checking whether make sets $(MAKE)
configure:1585: result: yes
configure:1801: checking for gcc
configure:1817: found /usr/bin/gcc
configure:1827: result: gcc
configure:2071: checking for C compiler version
configure:2074: gcc --version </dev/null >&5
gcc (GCC) 4.1.2 20080704 (Red Hat 4.1.2-54)
Copyright (C) 2006 Free Software Foundation, Inc.
This is free software; see the source for copying conditions.  There is NO
warranty; not even for MERCHANTABILITY or FITNESS FOR A PARTICULAR PURPOSE.

configure:2077: $? = 0
configure:2079: gcc -v </dev/null >&5
Using built-in specs.
Target: x86_64-redhat-linux
Configured with: ../configure --prefix=/usr --mandir=/usr/share/man --infodir=/usr/share/info --enable-shared --enable-threads=posix --enable-checking=release --with-system-zlib --enable-__cxa_atexit --disable-libunwind-exceptions --enable-libgcj-multifile --enable-languages=c,c++,objc,obj-c++,java,fortran,ada --enable-java-awt=gtk --disable-dssi --disable-plugin --with-java-home=/usr/lib/jvm/java-1.4.2-gcj-1.4.2.0/jre --with-cpu=generic --host=x86_64-redhat-linux
Thread model: posix
gcc version 4.1.2 20080704 (Red Hat 4.1.2-54)
configure:2082: $? = 0
configure:2084: gcc -V </dev/null >&5
gcc: '-V' option must have argument
configure:2087: $? = 1
configure:2110: checking for C compiler default output file name
configure:2113: gcc    conftest.c  >&5
configure:2116: $? = 0
configure:2162: result: a.out
configure:2167: checking whether the C compiler works
configure:2173: ./a.out
configure:2176: $? = 0
configure:2193: result: yes
configure:2200: checking whether we are cross compiling
configure:2202: result: no
configure:2205: checking for suffix of executables
configure:2207: gcc -o conftest    conftest.c  >&5
configure:2210: $? = 0
configure:2235: result: 
configure:2241: checking for suffix of object files
configure:2262: gcc -c   conftest.c >&5
configure:2265: $? = 0
configure:2287: result: o
configure:2291: checking whether we are using the GNU C compiler
configure:2315: gcc -c   conftest.c >&5
configure:2321: $? = 0
configure:2325: test -z 
			 || test ! -s conftest.err
configure:2328: $? = 0
configure:2331: test -s conftest.o
configure:2334: $? = 0
configure:2347: result: yes
configure:2353: checking whether gcc accepts -g
configure:2374: gcc -c -g  conftest.c >&5
configure:2380: $? = 0
configure:2384: test -z 
			 || test ! -s conftest.err
configure:2387: $? = 0
configure:2390: test -s conftest.o
configure:2393: $? = 0
configure:2404: result: yes
configure:2421: checking for gcc option to accept ANSI C
configure:2491: gcc  -c -g -O2  conftest.c >&5
configure:2497: $? = 0
configure:2501: test -z 
			 || test ! -s conftest.err
configure:2504: $? = 0
configure:2507: test -s conftest.o
configure:2510: $? = 0
configure:2528: result: none needed
configure:2546: gcc -c -g -O2  conftest.c >&5
conftest.c:2: error: expected '=', ',', ';', 'asm' or '__attribute__' before 'me'
configure:2552: $? = 1
configure: failed program was:
| #ifndef __cplusplus
|   choke me
| #endif
configure:2696: checking for style of include used by make
configure:2724: result: GNU
configure:2752: checking dependency style of gcc
configure:2842: result: gcc3
configure:2872: checking for a BSD-compatible install
configure:2927: result: /usr/bin/install -c
configure:2944: checking for evbase_init in -levbase
configure:2974: gcc -o conftest -g -O2   conftest.c -levbase   >&5
configure:2980: $? = 0
configure:2984: test -z 
			 || test ! -s conftest.err
configure:2987: $? = 0
configure:2990: test -s conftest
configure:2993: $? = 0
configure:3006: result: yes
configure:3019: checking for pthread_create in -lpthread
configure:3049: gcc -o conftest -g -O2  -DHAVE_EVBASE  -levbase conftest.c -lpthread   -levbase >&5
configure:3055: $? = 0
configure:3059: test -z 
			 || test ! -s conftest.err
configure:3062: $? = 0
configure:3065: test -s conftest
configure:3068: $? = 0
configure:3081: result: yes
configure:3094: checking for SSL_read in -lssl
configure:3124: gcc -o conftest -g -O2  -DHAVE_EVBASE -DHAVE_PTHREAD  -levbase -pthread conftest.c -lssl   -levbase -pthread >&5
/usr/bin/ld: cannot find -lssl
collect2: ld returned 1 exit status
configure:3130: $? = 1
configure: failed program was:
| /* confdefs.h.  */
| 
| #define PACKAGE_NAME "ipush"
| #define PACKAGE_TARNAME "ipush"
| #define PACKAGE_VERSION "0.0.1"
| #define PACKAGE_STRING "ipush 0.0.1"
| #define PACKAGE_BUGREPORT "SounOS@gmail.com"
| #define PACKAGE "ipush"
| #define VERSION "0.0.1"
| /* end confdefs.h.  */
| 
| /* Override any gcc2 internal prototype to avoid an error.  */
| #ifdef __cplusplus
| extern "C"
| #endif
| /* We use char because int might match the return type of a gcc2
|    builtin and then its argument prototype would still apply.  */
| char SSL_read ();
| int
| main ()
| {
| SSL_read ();
|   ;
|   return 0;
| }
configure:3156: result: no
configure:3174: checking how to run the C preprocessor
configure:3209: gcc -E  -DHAVE_EVBASE -DHAVE_PTHREAD conftest.c
configure:3215: $? = 0
configure:3247: gcc -E  -DHAVE_EVBASE -DHAVE_PTHREAD conftest.c
conftest.c:11:28: error: ac_nonexistent.h: No such file or directory
configure:3253: $? = 1
configure: failed program was:
| /* confdefs.h.  */
| 
| #define PACKAGE_NAME "ipush"
| #define PACKAGE_TARNAME "ipush"
| #define PACKAGE_VERSION "0.0.1"
| #define PACKAGE_STRING "ipush 0.0.1"
| #define PACKAGE_BUGREPORT "SounOS@gmail.com"
| #define PACKAGE "ipush"
| #define VERSION "0.0.1"
| /* end confdefs.h.  */
| #include <ac_nonexistent.h>
configure:3292: result: gcc -E
configure:3316: gcc -E  -DHAVE_EVBASE -DHAVE_PTHREAD conftest.c
configure:3322: $? = 0
configure:3354: gcc -E  -DHAVE_EVBASE -DHAVE_PTHREAD conftest.c
conftest.c:11:28: error: ac_nonexistent.h: No such file or directory
configure:3360: $? = 1
configure: failed program was:
| /* confdefs.h.  */
| 
| #define PACKAGE_NAME "ipush"
| #define PACKAGE_TARNAME "ipush"
| #define PACKAGE_VERSION "0.0.1"
| #define PACKAGE_STRING "ipush 0.0.1"
| #define PACKAGE_BUGREPORT "SounOS@gmail.com"
| #define PACKAGE "ipush"
| #define VERSION "0.0.1"
| /* end confdefs.h.  */
| #include <ac_nonexistent.h>
configure:3404: checking for egrep
configure:3414: result: grep -E
configure:3419: checking for ANSI C header files
configure:3444: gcc -c -g -O2  -DHAVE_EVBASE -DHAVE_PTHREAD conftest.c >&5
configure:3450: $? = 0
configure:3454: test -z 
			 || test ! -s conftest.err
configure:3457: $? = 0
configure:3460: test -s conftest.o
configure:3463: $? = 0
configure:3552: gcc -o conftest -g -O2  -DHAVE_EVBASE -DHAVE_PTHREAD  -levbase -pthread conftest.c  -levbase -pthread >&5
conftest.c: In function 'main':
conftest.c:28: warning: incompatible implicit declaration of built-in function 'exit'
configure:3555: $? = 0
configure:3557: ./conftest
configure:3560: $? = 0
configure:3575: result: yes
configure:3599: checking for sys/types.h
configure:3615: gcc -c -g -O2  -DHAVE_EVBASE -DHAVE_PTHREAD conftest.c >&5
configure:3621: $? = 0
configure:3625: test -z 
			 || test ! -s conftest.err
configure:3628: $? = 0
configure:3631: test -s conftest.o
configure:3634: $? = 0
configure:3645: result: yes
configure:3599: checking for sys/stat.h
configure:3615: gcc -c -g -O2  -DHAVE_EVBASE -DHAVE_PTHREAD conftest.c >&5
configure:3621: $? = 0
configure:3625: test -z 
			 || test ! -s conftest.err
configure:3628: $? = 0
configure:3631: test -s conftest.o
configure:3634: $? = 0
configure:3645: result: yes
configure:3599: checking for stdlib.h
configure:3615: gcc -c -g -O2  -DHAVE_EVBASE -DHAVE_PTHREAD conftest.c >&5
configure:3621: $? = 0
configure:3625: test -z 
			 || test ! -s conftest.err
configure:3628: $? = 0
configure:3631: test -s conftest.o
configure:3634: $? = 0
configure:3645: result: yes
configure:3599: checking for string.h
configure:3615: gcc -c -g -O2  -DHAVE_EVBASE -DHAVE_PTHREAD conftest.c >&5
configure:3621: $? = 0
configure:3625: test -z 
			 || test ! -s conftest.err
configure:3628: $? = 0
configure:3631: test -s conftest.o
configure:3634: $? = 0
configure:3645: result: yes
configure:3599: checking for memory.h
configure:3615: gcc -c -g -O2  -DHAVE_EVBASE -DHAVE_PTHREAD conftest.c >&5
configure:3621: $? = 0
configure:3625: test -z 
			 || test ! -s conftest.err
configure:3628: $? = 0
configure:3631: test -s conftest.o
configure:3634: $? = 0
configure:3645: result: yes
configure:3599: checking for strings.h
configure:3615: gcc -c -g -O2  -DHAVE_EVBASE -DHAVE_PTHREAD conftest.c >&5
configure:3621: $? = 0
configure:3625: test -z 
			 || test ! -s conftest.err
configure:3628: $? = 0
configure:3631: test -s conftest.o
configure:3634: $? = 0
configure:3645: result: yes
configure:3599: checking for inttypes.h
configure:3615: gcc -c -g -O2  -DHAVE_EVBASE -DHAVE_PTHREAD conftest.c >&5
configure:3621: $? = 0
configure:3625: test -z 
			 || test ! -s conftest.err
configure:3628: $? = 0
configure:3631: test -s conftest.o
configure:3634: $? = 0
configure:3645: result: yes
configure:3599: checking for stdint.h
configure:3615: gcc -c -g -O2  -DHAVE_EVBASE -DHAVE_PTHREAD conftest.c >&5
configure:3621: $? = 0
configure:3625: test -z 
			 || test ! -s conftest.err
configure:3628: $? = 0
configure:3631: test -s conftest.o
configure:3634: $? = 0
configure:3645: result: yes
configure:3599: checking for unistd.h
configure:3615: gcc -c -g -O2  -DHAVE_EVBASE -DHAVE_PTHREAD conftest.c >&5
configure:3621: $? = 0
configure:3625: test -z 
			 || test ! -s conftest.err
configure:3628: $? = 0
configure:3631: test -s conftest.o
configure:3634: $? = 0
configure:3645: result: yes
configure:3682: checking arpa/inet.h usability
configure:3694: gcc -c -g -O2  -DHAVE_EVBASE -DHAVE_PTHREAD conftest.c >&5
configure:3700: $? = 0
configure:3704: test -z 
			 || test ! -s conftest.err
configure:3707: $? = 0
configure:3710: test -s conftest.o
configure:3713: $? = 0
configure:3723: result: yes
configure:3727: checking arpa/inet.h presence
configure:3737: gcc -E  -DHAVE_EVBASE -DHAVE_PTHREAD conftest.c
configure:3743: $? = 0
configure:3763: result: yes
configure:3798: checking for arpa/inet.h
configure:3805: result: yes
configure:3682: checking fcntl.h usability
configure:3694: gcc -c -g -O2  -DHAVE_EVBASE -DHAVE_PTHREAD conftest.c >&5
configure:3700: $? = 0
configure:3704: test -z 
			 || test ! -s conftest.err
configure:3707: $? = 0
configure:3710: test -s conftest.o
configure:3713: $? = 0
configure:3723: result: yes
configure:3727: checking fcntl.h presence
configure:3737: gcc -E  -DHAVE_EVBASE -DHAVE_PTHREAD conftest.c
configure:3743: $? = 0
configure:3763: result: yes
configure:3798: checking for fcntl.h
configure:3805: result: yes
configure:3673: checking for inttypes.h
configure:3678: result: yes
configure:3682: checking locale.h usability
configure:3694: gcc -c -g -O2  -DHAVE_EVBASE -DHAVE_PTHREAD conftest.c >&5
configure:3700: $? = 0
configure:3704: test -z 
			 || test ! -s conftest.err
configure:3707: $? = 0
configure:3710: test -s conftest.o
configure:3713: $? = 0
configure:3723: result: yes
configure:3727: checking locale.h presence
configure:3737: gcc -E  -DHAVE_EVBASE -DHAVE_PTHREAD conftest.c
configure:3743: $? = 0
configure:3763: result: yes
configure:3798: checking for locale.h
configure:3805: result: yes
configure:3682: checking netdb.h usability
configure:3694: gcc -c -g -O2  -DHAVE_EVBASE -DHAVE_PTHREAD conftest.c >&5
configure:3700: $? = 0
configure:3704: test -z 
			 || test ! -s conftest.err
configure:3707: $? = 0
configure:3710: test -s conftest.o
configure:3713: $? = 0
configure:3723: result: yes
configure:3727: checking netdb.h presence
configure:3737: gcc -E  -DHAVE_EVBASE -DHAVE_PTHREAD conftest.c
configure:3743: $? = 0
configure:3763: result: yes
configure:3798: checking for netdb.h
configure:3805: result: yes
configure:3682: checking netinet/in.h usability
configure:3694: gcc -c -g -O2  -DHAVE_EVBASE -DHAVE_PTHREAD conftest.c >&5
configure:3700: $? = 0
configure:3704: test -z 
			 || test ! -s conftest.err
configure:3707: $? = 0
configure:3710: test -s conftest.o
configure:3713: $? = 0
configure:3723: result: yes
configure:3727: checking netinet/in.h presence
configure:3737: gcc -E  -DHAVE_EVBASE -DHAVE_PTHREAD conftest.c
configure:3743: $? = 0
configure:3763: result: yes
configure:3798: checking for netinet/in.h
configure:3805: result: yes
configure:3673: checking for stdlib.h
configure:3678: result: yes
configure:3673: checking for string.h
configure:3678: result: yes
configure:3682: checking sys/file.h usability
configure:3694: gcc -c -g -O2  -DHAVE_EVBASE -DHAVE_PTHREAD conftest.c >&5
configure:3700: $? = 0
configure:3704: test -z 
			 || test ! -s conftest.err
configure:3707: $? = 0
configure:3710: test -s conftest.o
configure:3713: $? = 0
configure:3723: result: yes
configure:3727: checking sys/file.h presence
configure:3737: gcc -E  -DHAVE_EVBASE -DHAVE_PTHREAD conftest.c
configure:3743: $? = 0
configure:3763: result: yes
configure:3798: checking for sys/file.h
configure:3805: result: yes
configure:3682: checking sys/socket.h usability
configure:3694: gcc -c -g -O2  -DHAVE_EVBASE -DHAVE_PTHREAD conftest.c >&5
configure:3700: $? = 0
configure:3704: test -z 
			 || test ! -s conftest.err
configure:3707: $? = 0
configure:3710: test -s conftest.o
configure:3713: $? = 0
configure:3723: result: yes
configure:3727: checking sys/socket.h presence
configure:3737: gcc -E  -DHAVE_EVBASE -DHAVE_PTHREAD conftest.c
configure:3743: $? = 0
configure:3763: result: yes
configure:3798: checking for sys/socket.h
configure:3805: result: yes
configure:3682: checking sys/time.h usability
configure:3694: gcc -c -g -O2  -DHAVE_EVBASE -DHAVE_PTHREAD conftest.c >&5
configure:3700: $? = 0
configure:3704: test -z 
			 || test ! -s conftest.err
configure:3707: $? = 0
configure:3710: test -s conftest.o
configure:3713: $? = 0
configure:3723: result: yes
configure:3727: checking sys/time.h presence
configure:3737: gcc -E  -DHAVE_EVBASE -DHAVE_PTHREAD conftest.c
configure:3743: $? = 0
configure:3763: result: yes
configure:3798: checking for sys/time.h
configure:3805: result: yes
configure:3673: checking for unistd.h
configure:3678: result: yes
configure:3820: checking for off_t
configure:3844: gcc -c -g -O2  -DHAVE_EVBASE -DHAVE_PTHREAD conftest.c >&5
configure:3850: $? = 0
configure:3854: test -z 
			 || test ! -s conftest.err
configure:3857: $? = 0
configure:3860: test -s conftest.o
configure:3863: $? = 0
configure:3874: result: yes
configure:3886: checking for pid_t
configure:3910: gcc -c -g -O2  -DHAVE_EVBASE -DHAVE_PTHREAD conftest.c >&5
configure:3916: $? = 0
configure:3920: test -z 
			 || test ! -s conftest.err
configure:3923: $? = 0
configure:3926: test -s conftest.o
configure:3929: $? = 0
configure:3940: result: yes
configure:3952: checking for size_t
configure:3976: gcc -c -g -O2  -DHAVE_EVBASE -DHAVE_PTHREAD conftest.c >&5
configure:3982: $? = 0
configure:3986: test -z 
			 || test ! -s conftest.err
configure:3989: $? = 0
configure:3992: test -s conftest.o
configure:3995: $? = 0
configure:4006: result: yes
configure:4026: checking for unistd.h
configure:4031: result: yes
configure:4035: checking vfork.h usability
configure:4047: gcc -c -g -O2  -DHAVE_EVBASE -DHAVE_PTHREAD conftest.c >&5
conftest.c:68:19: error: vfork.h: No such file or directory
configure:4053: $? = 1
configure: failed program was:
| /* confdefs.h.  */
| 
| #define PACKAGE_NAME "ipush"
| #define PACKAGE_TARNAME "ipush"
| #define PACKAGE_VERSION "0.0.1"
| #define PACKAGE_STRING "ipush 0.0.1"
| #define PACKAGE_BUGREPORT "SounOS@gmail.com"
| #define PACKAGE "ipush"
| #define VERSION "0.0.1"
| #define STDC_HEADERS 1
| #define HAVE_SYS_TYPES_H 1
| #define HAVE_SYS_STAT_H 1
| #define HAVE_STDLIB_H 1
| #define HAVE_STRING_H 1
| #define HAVE_MEMORY_H 1
| #define HAVE_STRINGS_H 1
| #define HAVE_INTTYPES_H 1
| #define HAVE_STDINT_H 1
| #define HAVE_UNISTD_H 1
| #define HAVE_ARPA_INET_H 1
| #define HAVE_FCNTL_H 1
| #define HAVE_INTTYPES_H 1
| #define HAVE_LOCALE_H 1
| #define HAVE_NETDB_H 1
| #define HAVE_NETINET_IN_H 1
| #define HAVE_STDLIB_H 1
| #define HAVE_STRING_H 1
| #define HAVE_SYS_FILE_H 1
| #define HAVE_SYS_SOCKET_H 1
| #define HAVE_SYS_TIME_H 1
| #define HAVE_UNISTD_H 1
| #define HAVE_UNISTD_H 1
| /* end confdefs.h.  */
| #include <stdio.h>
| #if HAVE_SYS_TYPES_H
| # include <sys/types.h>
| #endif
| #if HAVE_SYS_STAT_H
| # include <sys/stat.h>
| #endif
| #if STDC_HEADERS
| # include <stdlib.h>
| # include <stddef.h>
| #else
| # if HAVE_STDLIB_H
| #  include <stdlib.h>
| # endif
| #endif
| #if HAVE_STRING_H
| # if !STDC_HEADERS && HAVE_MEMORY_H
| #  include <memory.h>
| # endif
| # include <string.h>
| #endif
| #if HAVE_STRINGS_H
| # include <strings.h>
| #endif
| #if HAVE_INTTYPES_H
| # include <inttypes.h>
| #else
| # if HAVE_STDINT_H
| #  include <stdint.h>
| # endif
| #endif
| #if HAVE_UNISTD_H
| # include <unistd.h>
| #endif
| #include <vfork.h>
configure:4076: result: no
configure:4080: checking vfork.h presence
configure:4090: gcc -E  -DHAVE_EVBASE -DHAVE_PTHREAD conftest.c
conftest.c:34:19: error: vfork.h: No such file or directory
configure:4096: $? = 1
configure: failed program was:
| /* confdefs.h.  */
| 
| #define PACKAGE_NAME "ipush"
| #define PACKAGE_TARNAME "ipush"
| #define PACKAGE_VERSION "0.0.1"
| #define PACKAGE_STRING "ipush 0.0.1"
| #define PACKAGE_BUGREPORT "SounOS@gmail.com"
| #define PACKAGE "ipush"
| #define VERSION "0.0.1"
| #define STDC_HEADERS 1
| #define HAVE_SYS_TYPES_H 1
| #define HAVE_SYS_STAT_H 1
| #define HAVE_STDLIB_H 1
| #define HAVE_STRING_H 1
| #define HAVE_MEMORY_H 1
| #define HAVE_STRINGS_H 1
| #define HAVE_INTTYPES_H 1
| #define HAVE_STDINT_H 1
| #define HAVE_UNISTD_H 1
| #define HAVE_ARPA_INET_H 1
| #define HAVE_FCNTL_H 1
| #define HAVE_INTTYPES_H 1
| #define HAVE_LOCALE_H 1
| #define HAVE_NETDB_H 1
| #define HAVE_NETINET_IN_H 1
| #define HAVE_STDLIB_H 1
| #define HAVE_STRING_H 1
| #define HAVE_SYS_FILE_H 1
| #define HAVE_SYS_SOCKET_H 1
| #define HAVE_SYS_TIME_H 1
| #define HAVE_UNISTD_H 1
| #define HAVE_UNISTD_H 1
| /* end confdefs.h.  */
| #include <vfork.h>
configure:4116: result: no
configure:4151: checking for vfork.h
configure:4158: result: no
configure:4176: checking for fork
configure:4233: gcc -o conftest -g -O2  -DHAVE_EVBASE -DHAVE_PTHREAD  -levbase -pthread conftest.c  -levbase -pthread >&5
conftest.c:58: warning: conflicting types for built-in function 'fork'
configure:4239: $? = 0
configure:4243: test -z 
			 || test ! -s conftest.err
configure:4246: $? = 0
configure:4249: test -s conftest
configure:4252: $? = 0
configure:4264: result: yes
configure:4176: checking for vfork
configure:4233: gcc -o conftest -g -O2  -DHAVE_EVBASE -DHAVE_PTHREAD  -levbase -pthread conftest.c  -levbase -pthread >&5
configure:4239: $? = 0
configure:4243: test -z 
			 || test ! -s conftest.err
configure:4246: $? = 0
configure:4249: test -s conftest
configure:4252: $? = 0
configure:4264: result: yes
configure:4275: checking for working fork
configure:4298: gcc -o conftest -g -O2  -DHAVE_EVBASE -DHAVE_PTHREAD  -levbase -pthread conftest.c  -levbase -pthread >&5
conftest.c: In function 'main':
conftest.c:10: warning: incompatible implicit declaration of built-in function 'exit'
configure:4301: $? = 0
configure:4303: ./conftest
configure:4306: $? = 0
configure:4320: result: yes
configure:4341: checking for working vfork
configure:4474: result: yes
configure:4505: checking whether lstat dereferences a symlink specified with a trailing slash
configure:4536: gcc -o conftest -g -O2  -DHAVE_EVBASE -DHAVE_PTHREAD  -levbase -pthread conftest.c  -levbase -pthread >&5
configure:4539: $? = 0
configure:4541: ./conftest
configure:4544: $? = 0
configure:4565: result: yes
configure:4586: checking whether time.h and sys/time.h may both be included
configure:4611: gcc -c -g -O2  -DHAVE_EVBASE -DHAVE_PTHREAD conftest.c >&5
configure:4617: $? = 0
configure:4621: test -z 
			 || test ! -s conftest.err
configure:4624: $? = 0
configure:4627: test -s conftest.o
configure:4630: $? = 0
configure:4641: result: yes
configure:4658: checking for stdlib.h
configure:4663: result: yes
configure:4658: checking for sys/time.h
configure:4663: result: yes
configure:4658: checking for unistd.h
configure:4663: result: yes
configure:4807: checking for alarm
configure:4864: gcc -o conftest -g -O2  -DHAVE_EVBASE -DHAVE_PTHREAD  -levbase -pthread conftest.c  -levbase -pthread >&5
configure:4870: $? = 0
configure:4874: test -z 
			 || test ! -s conftest.err
configure:4877: $? = 0
configure:4880: test -s conftest
configure:4883: $? = 0
configure:4895: result: yes
configure:4905: checking for working mktime
configure:5081: gcc -o conftest -g -O2  -DHAVE_EVBASE -DHAVE_PTHREAD  -levbase -pthread conftest.c  -levbase -pthread >&5
configure:5084: $? = 0
configure:5086: ./conftest
configure:5089: $? = 0
configure:5103: result: yes
configure:5122: checking for stdlib.h
configure:5127: result: yes
configure:5122: checking for unistd.h
configure:5127: result: yes
configure:5271: checking for getpagesize
configure:5328: gcc -o conftest -g -O2  -DHAVE_EVBASE -DHAVE_PTHREAD  -levbase -pthread conftest.c  -levbase -pthread >&5
configure:5334: $? = 0
configure:5338: test -z 
			 || test ! -s conftest.err
configure:5341: $? = 0
configure:5344: test -s conftest
configure:5347: $? = 0
configure:5359: result: yes
configure:5369: checking for working mmap
configure:5511: gcc -o conftest -g -O2  -DHAVE_EVBASE -DHAVE_PTHREAD  -levbase -pthread conftest.c  -levbase -pthread >&5
configure:5514: $? = 0
configure:5516: ./conftest
configure:5519: $? = 0
configure:5533: result: yes
configure:5559: checking for ftruncate
configure:5616: gcc -o conftest -g -O2  -DHAVE_EVBASE -DHAVE_PTHREAD  -levbase -pthread conftest.c  -levbase -pthread >&5
configure:5622: $? = 0
configure:5626: test -z 
			 || test ! -s conftest.err
configure:5629: $? = 0
configure:5632: test -s conftest
configure:5635: $? = 0
configure:5647: result: yes
configure:5559: checking for getpagesize
configure:5647: result: yes
configure:5559: checking for gettimeofday
configure:5616: gcc -o conftest -g -O2  -DHAVE_EVBASE -DHAVE_PTHREAD  -levbase -pthread conftest.c  -levbase -pthread >&5
configure:5622: $? = 0
configure:5626: test -z 
			 || test ! -s conftest.err
configure:5629: $? = 0
configure:5632: test -s conftest
configure:5635: $? = 0
configure:5647: result: yes
configure:5559: checking for inet_ntoa
configure:5616: gcc -o conftest -g -O2  -DHAVE_EVBASE -DHAVE_PTHREAD  -levbase -pthread conftest.c  -levbase -pthread >&5
configure:5622: $? = 0
configure:5626: test -z 
			 || test ! -s conftest.err
configure:5629: $? = 0
configure:5632: test -s conftest
configure:5635: $? = 0
configure:5647: result: yes
configure:5559: checking for memset
configure:5616: gcc -o conftest -g -O2  -DHAVE_EVBASE -DHAVE_PTHREAD  -levbase -pthread conftest.c  -levbase -pthread >&5
conftest.c:76: warning: conflicting types for built-in function 'memset'
configure:5622: $? = 0
configure:5626: test -z 
			 || test ! -s conftest.err
configure:5629: $? = 0
configure:5632: test -s conftest
configure:5635: $? = 0
configure:5647: result: yes
configure:5559: checking for mkdir
configure:5616: gcc -o conftest -g -O2  -DHAVE_EVBASE -DHAVE_PTHREAD  -levbase -pthread conftest.c  -levbase -pthread >&5
configure:5622: $? = 0
configure:5626: test -z 
			 || test ! -s conftest.err
configure:5629: $? = 0
configure:5632: test -s conftest
configure:5635: $? = 0
configure:5647: result: yes
configure:5559: checking for munmap
configure:5616: gcc -o conftest -g -O2  -DHAVE_EVBASE -DHAVE_PTHREAD  -levbase -pthread conftest.c  -levbase -pthread >&5
configure:5622: $? = 0
configure:5626: test -z 
			 || test ! -s conftest.err
configure:5629: $? = 0
configure:5632: test -s conftest
configure:5635: $? = 0
configure:5647: result: yes
configure:5559: checking for setlocale
configure:5616: gcc -o conftest -g -O2  -DHAVE_EVBASE -DHAVE_PTHREAD  -levbase -pthread conftest.c  -levbase -pthread >&5
configure:5622: $? = 0
configure:5626: test -z 
			 || test ! -s conftest.err
configure:5629: $? = 0
configure:5632: test -s conftest
configure:5635: $? = 0
configure:5647: result: yes
configure:5559: checking for socket
configure:5616: gcc -o conftest -g -O2  -DHAVE_EVBASE -DHAVE_PTHREAD  -levbase -pthread conftest.c  -levbase -pthread >&5
configure:5622: $? = 0
configure:5626: test -z 
			 || test ! -s conftest.err
configure:5629: $? = 0
configure:5632: test -s conftest
configure:5635: $? = 0
configure:5647: result: yes
configure:5559: checking for strchr
configure:5616: gcc -o conftest -g -O2  -DHAVE_EVBASE -DHAVE_PTHREAD  -levbase -pthread conftest.c  -levbase -pthread >&5
conftest.c:81: warning: conflicting types for built-in function 'strchr'
configure:5622: $? = 0
configure:5626: test -z 
			 || test ! -s conftest.err
configure:5629: $? = 0
configure:5632: test -s conftest
configure:5635: $? = 0
configure:5647: result: yes
configure:5559: checking for strerror
configure:5616: gcc -o conftest -g -O2  -DHAVE_EVBASE -DHAVE_PTHREAD  -levbase -pthread conftest.c  -levbase -pthread >&5
configure:5622: $? = 0
configure:5626: test -z 
			 || test ! -s conftest.err
configure:5629: $? = 0
configure:5632: test -s conftest
configure:5635: $? = 0
configure:5647: result: yes
configure:5559: checking for strstr
configure:5616: gcc -o conftest -g -O2  -DHAVE_EVBASE -DHAVE_PTHREAD  -levbase -pthread conftest.c  -levbase -pthread >&5
conftest.c:83: warning: conflicting types for built-in function 'strstr'
configure:5622: $? = 0
configure:5626: test -z 
			 || test ! -s conftest.err
configure:5629: $? = 0
configure:5632: test -s conftest
configure:5635: $? = 0
configure:5647: result: yes
configure:5769: creating ./config.status

## ---------------- ##
## Cache variables. ##
## ---------------- ##

ac_cv_c_compiler_gnu=yes
ac_cv_env_CC_set=
ac_cv_env_CC_value=
ac_cv_env_CFLAGS_set=
ac_cv_env_CFLAGS_value=
ac_cv_env_CPPFLAGS_set=
ac_cv_env_CPPFLAGS_value=
ac_cv_env_CPP_set=
ac_cv_env_CPP_value=
ac_cv_env_LDFLAGS_set=
ac_cv_env_LDFLAGS_value=
ac_cv_env_build_alias_set=
ac_cv_env_build_alias_value=
ac_cv_env_host_alias_set=
ac_cv_env_host_alias_value=
ac_cv_env_target_alias_set=
ac_cv_env_target_alias_value=
ac_cv_exeext=
ac_cv_func_alarm=yes
ac_cv_func_fork=yes
ac_cv_func_fork_works=yes
ac_cv_func_ftruncate=yes
ac_cv_func_getpagesize=yes
ac_cv_func_gettimeofday=yes
ac_cv_func_inet_ntoa=yes
ac_cv_func_lstat_dereferences_slashed_symlink=yes
ac_cv_func_memset=yes
ac_cv_func_mkdir=yes
ac_cv_func_mmap_fixed_mapped=yes
ac_cv_func_munmap=yes
ac_cv_func_setlocale=yes
ac_cv_func_socket=yes
ac_cv_func_strchr=yes
ac_cv_func_strerror=yes
ac_cv_func_strstr=yes
ac_cv_func_vfork=yes
ac_cv_func_vfork_works=yes
ac_cv_func_working_mktime=yes
ac_cv_header_arpa_inet_h=yes
ac_cv_header_fcntl_h=yes
ac_cv_header_inttypes_h=yes
ac_cv_header_locale_h=yes
ac_cv_header_memory_h=yes
ac_cv_header_netdb_h=yes
ac_cv_header_netinet_in_h=yes
ac_cv_header_stdc=yes
ac_cv_header_stdint_h=yes
ac_cv_header_stdlib_h=yes
ac_cv_header_string_h=yes
ac_cv_header_strings_h=yes
ac_cv_header_sys_file_h=yes
ac_cv_header_sys_socket_h=yes
ac_cv_header_sys_stat_h=yes
ac_cv_header_sys_time_h=yes
ac_cv_header_sys_types_h=yes
ac_cv_header_time=yes
ac_cv_header_unistd_h=yes
ac_cv_header_vfork_h=no
ac_cv_lib_evbase_evbase_init=yes
ac_cv_lib_pthread_pthread_create=yes
ac_cv_lib_ssl_SSL_read=no
ac_cv_objext=o
ac_cv_path_install='/usr/bin/install -c'
ac_cv_prog_AWK=gawk
ac_cv_prog_CPP='gcc -E'
ac_cv_prog_ac_ct_CC=gcc
ac_cv_prog_cc_g=yes
ac_cv_prog_cc_stdc=
ac_cv_prog_egrep='grep -E'
ac_cv_prog_make_make_set=yes
ac_cv_type_off_t=yes
ac_cv_type_pid_t=yes
ac_cv_type_size_t=yes
am_cv_CC_dependencies_compiler_type=gcc3

## ----------------- ##
## Output variables. ##
## ----------------- ##

ACLOCAL='${SHELL} /root/ipush/missing --run aclocal-1.9'
AMDEPBACKSLASH='\'
AMDEP_FALSE='#'
AMDEP_TRUE=''
AMTAR='${SHELL} /root/ipush/missing --run tar'
AUTOCONF='${SHELL} /root/ipush/missing --run autoconf'
AUTOHEADER='${SHELL} /root/ipush/missing --run autoheader'
AUTOMAKE='${SHELL} /root/ipush/missing --run automake-1.9'
AWK='gawk'
CC='gcc'
CCDEPMODE='depmode=gcc3'
CFLAGS='-g -O2'
CPP='gcc -E'
CPPFLAGS=' -DHAVE_EVBASE -DHAVE_PTHREAD'
CYGPATH_W='echo'
DEFS='-DHAVE_CONFIG_H'
DEPDIR='.deps'
ECHO_C=''
ECHO_N='-n'
ECHO_T=''
EGREP='grep -E'
EXEEXT=''
INSTALL_DATA='${INSTALL} -m 644'
INSTALL_PROGRAM='${INSTALL}'
INSTALL_SCRIPT='${INSTALL}'
INSTALL_STRIP_PROGRAM='${SHELL} $(install_sh) -c -s'
LDFLAGS=' -levbase -pthread'
LIBOBJS=''
LIBS=' -levbase -pthread'
LTLIBOBJS=''
MAKEINFO='${SHELL} /root/ipush/missing --run makeinfo'
OBJEXT='o'
PACKAGE='ipush'
PACKAGE_BUGREPORT='SounOS@gmail.com'
PACKAGE_NAME='ipush'
PACKAGE_STRING='ipush 0.0.1'
PACKAGE_TARNAME='ipush'
PACKAGE_VERSION='0.0.1'
PATH_SEPARATOR=':'
SET_MAKE=''
SHELL='/bin/sh'
STRIP=''
VERSION='0.0.1'
ac_ct_CC='gcc'
ac_ct_STRIP=''
am__fastdepCC_FALSE='#'
am__fastdepCC_TRUE=''
am__include='include'
am__leading_dot='.'
am__quote=''
am__tar='${AMTAR} chof - "$$tardir"'
am__untar='${AMTAR} xf -'
bindir='${exec_prefix}/bin'
build_alias=''
datadir='${prefix}/share'
exec_prefix='${prefix}'
host_alias=''
includedir='${prefix}/include'
infodir='${prefix}/info'
install_sh='/root/ipush/install-sh'
libdir='${exec_prefix}/lib'
libexecdir='${exec_prefix}/libexec'
localstatedir='${prefix}/var'
mandir='${prefix}/man'
mkdir_p='mkdir -p --'
oldincludedir='/usr/include'
prefix='/usr/local'
program_transform_name='s,x,x,'
sbindir='${exec_prefix}/sbin'
sharedstatedir='${prefix}/com'
sysconfdir='${prefix}/etc'
target_alias=''

## ----------- ##
## confdefs.h. ##
## ----------- ##

#define HAVE_ALARM 1
#define HAVE_ARPA_INET_H 1
#define HAVE_FCNTL_H 1
#define HAVE_FORK 1
#define HAVE_FTRUNCATE 1
#define HAVE_GETPAGESIZE 1
#define HAVE_GETPAGESIZE 1
#define HAVE_GETTIMEOFDAY 1
#define HAVE_INET_NTOA 1
#define HAVE_INTTYPES_H 1
#define HAVE_INTTYPES_H 1
#define HAVE_LOCALE_H 1
#define HAVE_MEMORY_H 1
#define HAVE_MEMSET 1
#define HAVE_MKDIR 1
#define HAVE_MMAP 1
#define HAVE_MUNMAP 1
#define HAVE_NETDB_H 1
#define HAVE_NETINET_IN_H 1
#define HAVE_SETLOCALE 1
#define HAVE_SOCKET 1
#define HAVE_STDINT_H 1
#define HAVE_STDLIB_H 1
#define HAVE_STDLIB_H 1
#define HAVE_STDLIB_H 1
#define HAVE_STDLIB_H 1
#define HAVE_STRCHR 1
#define HAVE_STRERROR 1
#define HAVE_STRINGS_H 1
#define HAVE_STRING_H 1
#define HAVE_STRING_H 1
#define HAVE_STRSTR 1
#define HAVE_SYS_FILE_H 1
#define HAVE_SYS_SOCKET_H 1
#define HAVE_SYS_STAT_H 1
#define HAVE_SYS_TIME_H 1
#define HAVE_SYS_TIME_H 1
#define HAVE_SYS_TYPES_H 1
#define HAVE_UNISTD_H 1
#define HAVE_UNISTD_H 1
#define HAVE_UNISTD_H 1
#define HAVE_UNISTD_H 1
#define HAVE_UNISTD_H 1
#define HAVE_VFORK 1
#define HAVE_WORKING_FORK 1
#define HAVE_WORKING_VFORK 1
#define LSTAT_FOLLOWS_SLASHED_SYMLINK 1
#define PACKAGE "ipush"
#define PACKAGE_BUGREPORT "SounOS@gmail.com"
#define PACKAGE_NAME "ipush"
#define PACKAGE_STRING "ipush 0.0.1"
#define PACKAGE_TARNAME "ipush"
#define PACKAGE_VERSION "0.0.1"
#define STDC_HEADERS 1
#define TIME_WITH_SYS_TIME 1
#define VERSION "0.0.1"

configure: exit 0

## ---------------------- ##
## Running config.status. ##
## ---------------------- ##

This file was extended by ipush config.status 0.0.1, which was
generated by GNU Autoconf 2.59.  Invocation command line was

  CONFIG_FILES    = 
  CONFIG_HEADERS  = 
  CONFIG_LINKS    = 
  CONFIG_COMMANDS = 
  $ ./config.status 

on yunall

config.status:691: creating Makefile
config.status:691: creating doc/Makefile
config.status:691: creating src/Makefile
config.status:795: creating config.h
config.status:995: config.h is unchanged
config.status:1175: executing depfiles commands

## ---------------------- ##
## Running config.status. ##
## ---------------------- ##

This file was extended by ipush config.status 0.0.1, which was
generated by GNU Autoconf 2.59.  Invocation command line was

  CONFIG_FILES    = 
  CONFIG_HEADERS  = 
  CONFIG_LINKS    = 
  CONFIG_COMMANDS = 
  $ ./config.status config.h

on yunall

config.status:795: creating config.h
